<?xml version="1.0" encoding="UTF-8"?>
<!-- Generated by org.testng.reporters.JUnitReportReporter -->
<testsuite hostname="Samis-MacBook-Pro.local" name="Selenium.HowToClickOnCalenderDate" tests="2" failures="0" timestamp="23 Apr 2019 20:12:12 GMT" time="31.863" errors="0">
  <testcase name="expediaDatePickerTest1" time="15.770" classname="Selenium.HowToClickOnCalenderDate"/>
  <testcase name="expediaDatePickerTest2" time="16.093" classname="Selenium.HowToClickOnCalenderDate"/>
</testsuite> <!-- Selenium.HowToClickOnCalenderDate -->
