<?xml version="1.0" encoding="UTF-8"?>
<!-- Generated by org.testng.reporters.JUnitReportReporter -->
<testsuite hostname="Samis-MacBook-Pro.local" name="Collections.UsingHashMaps" tests="1" failures="0" timestamp="2 May 2019 01:55:59 GMT" time="0.014" errors="0">
  <testcase name="hashmap_with_Generics" time="0.014" classname="Collections.UsingHashMaps"/>
</testsuite> <!-- Collections.UsingHashMaps -->
