<?xml version="1.0" encoding="UTF-8"?>
<!-- Generated by org.testng.reporters.JUnitReportReporter -->
<testsuite hostname="Samis-MacBook-Pro.local" name="Selenium.HowToGetWIndowSizeWithJavaScriptExecutor" tests="1" failures="0" timestamp="24 Apr 2019 02:43:34 GMT" time="7.041" errors="0">
  <testcase name="testGetWindowSizeWithJavaScriptExecutor" time="7.041" classname="Selenium.HowToGetWIndowSizeWithJavaScriptExecutor"/>
</testsuite> <!-- Selenium.HowToGetWIndowSizeWithJavaScriptExecutor -->
