<?xml version="1.0" encoding="UTF-8"?>
<!-- Generated by org.testng.reporters.JUnitReportReporter -->
<testsuite hostname="Samis-MacBook-Pro.local" name="Selenium.HowToDragAndDrop" tests="1" failures="0" timestamp="24 Apr 2019 19:10:29 GMT" time="7.565" errors="0">
  <testcase name="dragAndDrop1" time="7.565" classname="Selenium.HowToDragAndDrop"/>
</testsuite> <!-- Selenium.HowToDragAndDrop -->
