<?xml version="1.0" encoding="UTF-8"?>
<!-- Generated by org.testng.reporters.JUnitReportReporter -->
<testsuite hostname="Samis-MacBook-Pro.local" name="com.qa.gorest.tests.GoRestApiTests" tests="1" failures="0" timestamp="30 Aug 2019 10:45:11 GMT" time="16.285" errors="0">
  <testcase name="PostNewUser" time="16.285" classname="com.qa.gorest.tests.GoRestApiTests"/>
</testsuite> <!-- com.qa.gorest.tests.GoRestApiTests -->
