<?xml version="1.0" encoding="UTF-8"?>
<!-- Generated by org.testng.reporters.JUnitReportReporter -->
<testsuite hostname="Samis-MacBook-Pro.local" name="Collections.HowToUseArrayList" tests="1" failures="0" timestamp="27 Apr 2019 04:58:15 GMT" time="0.013" errors="0">
  <testcase name="ArrayListUsing_GENERICS" time="0.013" classname="Collections.HowToUseArrayList"/>
</testsuite> <!-- Collections.HowToUseArrayList -->
