<?xml version="1.0" encoding="UTF-8"?>
<!-- Generated by org.testng.reporters.JUnitReportReporter -->
<testsuite hostname="Samis-MacBook-Pro.local" name="Programs_IQ.RandomPhoneNumber" tests="1" failures="0" timestamp="6 May 2019 08:35:43 GMT" time="0.009" errors="0">
  <testcase name="testRandomPhonenum" time="0.009" classname="Programs_IQ.RandomPhoneNumber"/>
</testsuite> <!-- Programs_IQ.RandomPhoneNumber -->
