<?xml version="1.0" encoding="UTF-8"?>
<!-- Generated by org.testng.reporters.JUnitReportReporter -->
<testsuite hostname="Samis-MacBook-Pro.local" name="Programs_IQ.FindLargestAndSmallestNumber" tests="1" failures="0" timestamp="29 Apr 2019 16:28:57 GMT" time="0.009" errors="0">
  <testcase name="testFindLargestAndSmallestNumber" time="0.009" classname="Programs_IQ.FindLargestAndSmallestNumber"/>
</testsuite> <!-- Programs_IQ.FindLargestAndSmallestNumber -->
