<?xml version="1.0" encoding="UTF-8"?>
<!-- Generated by org.testng.reporters.JUnitReportReporter -->
<testsuite hostname="Samis-MacBook-Pro.local" name="Programs_IQ.GenerateRandomUsername_Pass" tests="1" failures="0" timestamp="29 Apr 2019 16:32:01 GMT" time="0.010" errors="0">
  <testcase name="testGenerator" time="0.010" classname="Programs_IQ.GenerateRandomUsername_Pass"/>
</testsuite> <!-- Programs_IQ.GenerateRandomUsername_Pass -->
