<?xml version="1.0" encoding="UTF-8"?>
<!-- Generated by org.testng.reporters.JUnitReportReporter -->
<testsuite hostname="Samis-MacBook-Pro.local" name="SolvingInterviewQuestions.Reverse_String" tests="1" failures="0" timestamp="24 Apr 2019 13:58:34 GMT" time="0.010" errors="0">
  <testcase name="testReverseString3" time="0.010" classname="SolvingInterviewQuestions.Reverse_String"/>
</testsuite> <!-- SolvingInterviewQuestions.Reverse_String -->
