<?xml version="1.0" encoding="UTF-8"?>
<!-- Generated by org.testng.reporters.JUnitReportReporter -->
<testsuite hostname="Samis-MacBook-Pro.local" name="Programs_IQ.RevereString" tests="2" failures="0" timestamp="29 Apr 2019 16:32:47 GMT" time="0.010" errors="0">
  <testcase name="reverseStringTest2" time="0.001" classname="Programs_IQ.RevereString"/>
  <testcase name="reverseStringTest1" time="0.009" classname="Programs_IQ.RevereString"/>
</testsuite> <!-- Programs_IQ.RevereString -->
