<?xml version="1.0" encoding="UTF-8"?>
<!-- Generated by org.testng.reporters.JUnitReportReporter -->
<testsuite hostname="Samis-MacBook-Pro.local" name="Selenium.HowToClickOnElementUsinJavaScriptExecutor" tests="1" failures="0" timestamp="24 Apr 2019 10:44:06 GMT" time="12.709" errors="0">
  <testcase name="testJavaScriptExecutorToClickOnELement" time="12.709" classname="Selenium.HowToClickOnElementUsinJavaScriptExecutor"/>
</testsuite> <!-- Selenium.HowToClickOnElementUsinJavaScriptExecutor -->
