<?xml version="1.0" encoding="UTF-8"?>
<!-- Generated by org.testng.reporters.JUnitReportReporter -->
<testsuite hostname="Samis-MacBook-Pro.local" name="ExtentReport.testExtentReportertestNG" tests="1" failures="0" timestamp="12 Jun 2019 21:57:58 GMT" time="0.465" errors="0">
  <testcase name="testExtent" time="0.465" classname="ExtentReport.testExtentReportertestNG"/>
</testsuite> <!-- ExtentReport.testExtentReportertestNG -->
