<?xml version="1.0" encoding="UTF-8"?>
<!-- Generated by org.testng.reporters.JUnitReportReporter -->
<testsuite hostname="Samis-MacBook-Pro.local" name="Selenium.HowToScrollWebElementIntoView" tests="1" failures="0" timestamp="24 Apr 2019 10:40:09 GMT" time="13.589" errors="0">
  <testcase name="testScrollWebElementIntoView" time="13.589" classname="Selenium.HowToScrollWebElementIntoView"/>
</testsuite> <!-- Selenium.HowToScrollWebElementIntoView -->
