<?xml version="1.0" encoding="UTF-8"?>
<!-- Generated by org.testng.reporters.JUnitReportReporter -->
<testsuite hostname="Samis-MacBook-Pro.local" name="TestNG.DataProvider_Test" tests="3" failures="0" timestamp="27 Jun 2019 01:34:31 GMT" time="45.737" errors="0">
  <testcase name="createEmployees3TimesUsingDataProvider" time="10.251" classname="TestNG.DataProvider_Test"/>
  <testcase name="createEmployees3TimesUsingDataProvider" time="10.234" classname="TestNG.DataProvider_Test"/>
  <testcase name="createEmployees3TimesUsingDataProvider" time="25.252" classname="TestNG.DataProvider_Test"/>
</testsuite> <!-- TestNG.DataProvider_Test -->
