<?xml version="1.0" encoding="UTF-8"?>
<!-- Generated by org.testng.reporters.JUnitReportReporter -->
<testsuite hostname="Samis-MacBook-Pro.local" name="TestNG.DataProvider_Test" tests="3" failures="0" timestamp="3 Jun 2019 07:10:46 GMT" time="2.310" errors="0">
  <testcase name="createEmployees3TimesUsingDataProvider" time="0.317" classname="TestNG.DataProvider_Test"/>
  <testcase name="createEmployees3TimesUsingDataProvider" time="1.717" classname="TestNG.DataProvider_Test"/>
  <testcase name="createEmployees3TimesUsingDataProvider" time="0.276" classname="TestNG.DataProvider_Test"/>
</testsuite> <!-- TestNG.DataProvider_Test -->
