<?xml version="1.0" encoding="UTF-8"?>
<!-- Generated by org.testng.reporters.JUnitReportReporter -->
<testsuite hostname="Samis-MacBook-Pro.local" name="Programs_IQ.CalculateSumOfNumbersOfArray" tests="1" failures="0" timestamp="29 Apr 2019 16:21:28 GMT" time="0.009" errors="0">
  <testcase name="testCalcSumOfArray" time="0.009" classname="Programs_IQ.CalculateSumOfNumbersOfArray"/>
</testsuite> <!-- Programs_IQ.CalculateSumOfNumbersOfArray -->
