<?xml version="1.0" encoding="UTF-8"?>
<!-- Generated by org.testng.reporters.JUnitReportReporter -->
<testsuite hostname="Samis-MacBook-Pro.local" name="Selenium.HowToMouseHoverOverElementUsingActionsClass" tests="1" failures="0" timestamp="24 Apr 2019 13:30:57 GMT" time="10.602" errors="0">
  <testcase name="testMouseHoverAction1" time="10.602" classname="Selenium.HowToMouseHoverOverElementUsingActionsClass"/>
</testsuite> <!-- Selenium.HowToMouseHoverOverElementUsingActionsClass -->
