<?xml version="1.0" encoding="UTF-8"?>
<!-- Generated by org.testng.reporters.JUnitReportReporter -->
<testsuite hostname="Samis-MacBook-Pro.local" name="Selenium.HowToHandlePopUp" tests="1" failures="0" timestamp="24 Apr 2019 10:58:39 GMT" time="11.369" errors="0">
  <testcase name="testAlertDismissPopUp" time="11.369" classname="Selenium.HowToHandlePopUp"/>
</testsuite> <!-- Selenium.HowToHandlePopUp -->
