<?xml version="1.0" encoding="UTF-8"?>
<!-- Generated by org.testng.reporters.JUnitReportReporter -->
<testsuite hostname="Samis-MacBook-Pro.local" name="Programs_IQ.CountDuplicateLetters" tests="1" failures="0" timestamp="29 Apr 2019 16:26:33 GMT" time="0.011" errors="0">
  <testcase name="countDuplicateLetters" time="0.011" classname="Programs_IQ.CountDuplicateLetters"/>
</testsuite> <!-- Programs_IQ.CountDuplicateLetters -->
