<?xml version="1.0" encoding="UTF-8"?>
<!-- Generated by org.testng.reporters.JUnitReportReporter -->
<testsuite hostname="Samis-MacBook-Pro.local" name="Programs_IQ.FindLargestAndSmallestNumber" tests="1" failures="0" timestamp="8 May 2019 21:41:07 GMT" time="0.010" errors="0">
  <testcase name="testFindLargestAndSmallestNumber" time="0.010" classname="Programs_IQ.FindLargestAndSmallestNumber"/>
</testsuite> <!-- Programs_IQ.FindLargestAndSmallestNumber -->
