<?xml version="1.0" encoding="UTF-8"?>
<!-- Generated by org.testng.reporters.JUnitReportReporter -->
<testsuite hostname="Samis-MacBook-Pro.local" name="Programs_IQ.Sorting" tests="1" failures="0" timestamp="29 Apr 2019 16:35:15 GMT" time="0.011" errors="0">
  <testcase name="bubbleSort" time="0.011" classname="Programs_IQ.Sorting"/>
</testsuite> <!-- Programs_IQ.Sorting -->
