<?xml version="1.0" encoding="UTF-8"?>
<!-- Generated by org.testng.reporters.JUnitReportReporter -->
<testsuite hostname="Samis-MacBook-Pro.local" name="Selenium.HowToCaptureScreenShot" tests="1" failures="0" timestamp="24 Apr 2019 02:34:16 GMT" time="17.723" errors="0">
  <testcase name="howToScreenShot" time="17.723" classname="Selenium.HowToCaptureScreenShot"/>
</testsuite> <!-- Selenium.HowToCaptureScreenShot -->
